Determining if the pthread_create exist failed with the following output:
Change Dir: /home/shawn/1_catkin_files/Effective_Robotics_ws/6_chapter_tutorials/build/CMakeFiles/CMakeTmp

Run Build Command:/usr/bin/make "cmTryCompileExec3909370755/fast"
/usr/bin/make -f CMakeFiles/cmTryCompileExec3909370755.dir/build.make CMakeFiles/cmTryCompileExec3909370755.dir/build
make[1]: Entering directory `/home/shawn/1_catkin_files/Effective_Robotics_ws/6_chapter_tutorials/build/CMakeFiles/CMakeTmp'
/usr/bin/cmake -E cmake_progress_report /home/shawn/1_catkin_files/Effective_Robotics_ws/6_chapter_tutorials/build/CMakeFiles/CMakeTmp/CMakeFiles 1
Building C object CMakeFiles/cmTryCompileExec3909370755.dir/CheckSymbolExists.c.o
/usr/bin/cc    -o CMakeFiles/cmTryCompileExec3909370755.dir/CheckSymbolExists.c.o   -c /home/shawn/1_catkin_files/Effective_Robotics_ws/6_chapter_tutorials/build/CMakeFiles/CMakeTmp/CheckSymbolExists.c
Linking C executable cmTryCompileExec3909370755
/usr/bin/cmake -E cmake_link_script CMakeFiles/cmTryCompileExec3909370755.dir/link.txt --verbose=1
/usr/bin/cc       CMakeFiles/cmTryCompileExec3909370755.dir/CheckSymbolExists.c.o  -o cmTryCompileExec3909370755 -rdynamic 
CMakeFiles/cmTryCompileExec3909370755.dir/CheckSymbolExists.c.o: In function `main':
CheckSymbolExists.c:(.text+0x16): undefined reference to `pthread_create'
collect2: error: ld returned 1 exit status
make[1]: Leaving directory `/home/shawn/1_catkin_files/Effective_Robotics_ws/6_chapter_tutorials/build/CMakeFiles/CMakeTmp'
make[1]: *** [cmTryCompileExec3909370755] Error 1
make: *** [cmTryCompileExec3909370755/fast] Error 2

File /home/shawn/1_catkin_files/Effective_Robotics_ws/6_chapter_tutorials/build/CMakeFiles/CMakeTmp/CheckSymbolExists.c:
/* */
#include <pthread.h>

int main(int argc, char** argv)
{
  (void)argv;
#ifndef pthread_create
  return ((int*)(&pthread_create))[argc];
#else
  (void)argc;
  return 0;
#endif
}

Determining if the function pthread_create exists in the pthreads failed with the following output:
Change Dir: /home/shawn/1_catkin_files/Effective_Robotics_ws/6_chapter_tutorials/build/CMakeFiles/CMakeTmp

Run Build Command:/usr/bin/make "cmTryCompileExec1722040311/fast"
/usr/bin/make -f CMakeFiles/cmTryCompileExec1722040311.dir/build.make CMakeFiles/cmTryCompileExec1722040311.dir/build
make[1]: Entering directory `/home/shawn/1_catkin_files/Effective_Robotics_ws/6_chapter_tutorials/build/CMakeFiles/CMakeTmp'
/usr/bin/cmake -E cmake_progress_report /home/shawn/1_catkin_files/Effective_Robotics_ws/6_chapter_tutorials/build/CMakeFiles/CMakeTmp/CMakeFiles 1
Building C object CMakeFiles/cmTryCompileExec1722040311.dir/CheckFunctionExists.c.o
/usr/bin/cc   -DCHECK_FUNCTION_EXISTS=pthread_create   -o CMakeFiles/cmTryCompileExec1722040311.dir/CheckFunctionExists.c.o   -c /usr/share/cmake-2.8/Modules/CheckFunctionExists.c
Linking C executable cmTryCompileExec1722040311
/usr/bin/cmake -E cmake_link_script CMakeFiles/cmTryCompileExec1722040311.dir/link.txt --verbose=1
/usr/bin/cc   -DCHECK_FUNCTION_EXISTS=pthread_create    CMakeFiles/cmTryCompileExec1722040311.dir/CheckFunctionExists.c.o  -o cmTryCompileExec1722040311 -rdynamic -lpthreads 
/usr/bin/ld: cannot find -lpthreads
collect2: error: ld returned 1 exit status
make[1]: Leaving directory `/home/shawn/1_catkin_files/Effective_Robotics_ws/6_chapter_tutorials/build/CMakeFiles/CMakeTmp'
make[1]: *** [cmTryCompileExec1722040311] Error 1
make: *** [cmTryCompileExec1722040311/fast] Error 2


